1638691014823:help
1638691021627:publish aaaa
1638691023590:publish
1638691033981:publish --name aaaa
1638691050115:quit
1638691188351:publish
1638691228326:quit
1638704477157:publish
1638705682567:quit
1638717038597:help
1638717120023:quit
1638717179024:publish
1638717259051:quit
1638771300993:help
1638771307249:publish
1638771382033:quit
1638778219837:publish
1638778228946:help
1638778782933:quit
1638779379619:publish
1638779383332:consume
1638779511161:quit
1638802803917:publish
1638803214309:quit
1638804239492:publish
1638804243230:pull
1638804247470:quit
1638839815161:publish
1638839821108:pull
1638839834223:publish
1638849487966:quit
1638849749231:publish
1638854931033:quit
1638855076061:publish
1638855197544:quit
1638855513319:publish
1638855623646:pull
1638855727463:publish
1638856252844:quit
1638856642452:publish
1638856650232:pull
1638856716462:quit
1638856780590:publish
1638857057374:quit
1638857166241:publish
1638857681934:quit
1638885666036:publish
1638885669929:declare
1638888348710:publish
1638888390591:pull
1638889464783:declare
1638889469171:publish
1638889472099:pull
1638889482713:quit
